API endpoint: http://localhost:8888
If you are using a library that supports the FIRESTORE_EMULATOR_HOST environment variable, run:

   export FIRESTORE_EMULATOR_HOST=localhost:8888

Dev App Server is now running.

Apr 13, 2021 7:37:14 AM io.gapi.emulators.netty.HttpVersionRoutingHandler channelRead
INFO: Detected non-HTTP/2 connection.
Apr 13, 2021 7:37:14 AM io.gapi.emulators.netty.HttpVersionRoutingHandler channelRead
INFO: Detected HTTP/2 connection.
Apr 13, 2021 7:37:28 AM io.gapi.emulators.netty.HttpVersionRoutingHandler channelRead
INFO: Detected non-HTTP/2 connection.
Apr 13, 2021 7:38:43 AM io.gapi.emulators.netty.HttpVersionRoutingHandler channelRead
INFO: Detected non-HTTP/2 connection.
Apr 13, 2021 7:38:43 AM com.google.net.webchannel.server.common.CorsFilter populateCustomHeaders
WARNING: Invalid $httpHeaders: X-Goog-Api-Client:gl-js/ fire/8.3.2
X-Firebase-GMPID:1:427061924743:web:efcb71917b03af383fb922
Content-Type:text/plain
Authorization:Bearer eyJhbGciOiJub25lIiwidHlwIjoiSldUIn0.eyJuYW1lIjoiT3R0ZXIgQ2hpY2tlbiIsImVtYWlsIjoib3R0ZXIuY2hpY2tlbi40NzJAZXhhbXBsZS5jb20iLCJlbWFpbF92ZXJpZmllZCI6dHJ1ZSwiYXV0aF90aW1lIjoxNjE4MjY3MTIyLCJ1c2VyX2lkIjoiV3ZYdjNlT1dhTXdSZkd4bDBOWU5RRjY4Wm1tVCIsImZpcmViYXNlIjp7ImlkZW50aXRpZXMiOnsiZW1haWwiOlsib3R0ZXIuY2hpY2tlbi40NzJAZXhhbXBsZS5jb20iXSwiZ29vZ2xlLmNvbSI6WyIxMzQ3NTg1MTkyMDMyNjg4MjQxNzIwOTU4MjExNDE5NTU5NDEyNjk1Il19LCJzaWduX2luX3Byb3ZpZGVyIjoiZ29vZ2xlLmNvbSJ9LCJpYXQiOjE2MTgyNjcxMjIsImV4cCI6MTYxODI3MDcyMiwiYXVkIjoiaGVzc2VkIiwiaXNzIjoiaHR0cHM6Ly9zZWN1cmV0b2tlbi5nb29nbGUuY29tL2hlc3NlZCIsInN1YiI6Ild2WHYzZU9XYU13UmZHeGwwTllOUUY2OFptbVQifQ.

Apr 13, 2021 7:38:44 AM io.gapi.emulators.netty.HttpVersionRoutingHandler channelRead
INFO: Detected non-HTTP/2 connection.
Apr 13, 2021 7:38:45 AM io.gapi.emulators.netty.HttpVersionRoutingHandler channelRead
INFO: Detected non-HTTP/2 connection.
Apr 13, 2021 7:38:58 AM io.gapi.emulators.netty.HttpVersionRoutingHandler channelRead
INFO: Detected non-HTTP/2 connection.
Apr 13, 2021 7:38:58 AM com.google.net.webchannel.server.common.CorsFilter populateCustomHeaders
WARNING: Invalid $httpHeaders: X-Goog-Api-Client:gl-js/ fire/8.3.2
X-Firebase-GMPID:1:427061924743:web:efcb71917b03af383fb922
Content-Type:text/plain
Authorization:Bearer eyJhbGciOiJub25lIiwidHlwIjoiSldUIn0.eyJuYW1lIjoiT3R0ZXIgQ2hpY2tlbiIsImVtYWlsIjoib3R0ZXIuY2hpY2tlbi40NzJAZXhhbXBsZS5jb20iLCJlbWFpbF92ZXJpZmllZCI6dHJ1ZSwiYXV0aF90aW1lIjoxNjE4MjY3MTIyLCJ1c2VyX2lkIjoiV3ZYdjNlT1dhTXdSZkd4bDBOWU5RRjY4Wm1tVCIsImZpcmViYXNlIjp7ImlkZW50aXRpZXMiOnsiZW1haWwiOlsib3R0ZXIuY2hpY2tlbi40NzJAZXhhbXBsZS5jb20iXSwiZ29vZ2xlLmNvbSI6WyIxMzQ3NTg1MTkyMDMyNjg4MjQxNzIwOTU4MjExNDE5NTU5NDEyNjk1Il19LCJzaWduX2luX3Byb3ZpZGVyIjoiZ29vZ2xlLmNvbSJ9LCJpYXQiOjE2MTgyNjcxMjIsImV4cCI6MTYxODI3MDcyMiwiYXVkIjoiaGVzc2VkIiwiaXNzIjoiaHR0cHM6Ly9zZWN1cmV0b2tlbi5nb29nbGUuY29tL2hlc3NlZCIsInN1YiI6Ild2WHYzZU9XYU13UmZHeGwwTllOUUY2OFptbVQifQ.

Apr 13, 2021 7:38:58 AM io.gapi.emulators.netty.HttpVersionRoutingHandler channelRead
INFO: Detected non-HTTP/2 connection.
Apr 13, 2021 7:38:59 AM io.gapi.emulators.netty.HttpVersionRoutingHandler channelRead
INFO: Detected non-HTTP/2 connection.
Apr 13, 2021 7:38:59 AM io.gapi.emulators.netty.HttpVersionRoutingHandler channelRead
INFO: Detected non-HTTP/2 connection.
Apr 13, 2021 7:39:00 AM io.gapi.emulators.netty.HttpVersionRoutingHandler channelRead
INFO: Detected non-HTTP/2 connection.
Apr 13, 2021 7:39:00 AM io.gapi.emulators.netty.HttpVersionRoutingHandler channelRead
INFO: Detected non-HTTP/2 connection.
Apr 13, 2021 7:39:01 AM io.gapi.emulators.netty.HttpVersionRoutingHandler channelRead
INFO: Detected non-HTTP/2 connection.
Apr 13, 2021 7:39:31 AM io.gapi.emulators.netty.HttpVersionRoutingHandler channelRead
INFO: Detected non-HTTP/2 connection.
Apr 13, 2021 7:39:44 AM io.gapi.emulators.netty.HttpVersionRoutingHandler channelRead
INFO: Detected non-HTTP/2 connection.
Apr 13, 2021 7:39:44 AM com.google.net.webchannel.server.common.CorsFilter populateCustomHeaders
WARNING: Invalid $httpHeaders: X-Goog-Api-Client:gl-js/ fire/8.3.2
X-Firebase-GMPID:1:427061924743:web:efcb71917b03af383fb922
Content-Type:text/plain
Authorization:Bearer eyJhbGciOiJub25lIiwidHlwIjoiSldUIn0.eyJuYW1lIjoiT3R0ZXIgQ2hpY2tlbiIsImVtYWlsIjoib3R0ZXIuY2hpY2tlbi40NzJAZXhhbXBsZS5jb20iLCJlbWFpbF92ZXJpZmllZCI6dHJ1ZSwiYXV0aF90aW1lIjoxNjE4MjY3MTIyLCJ1c2VyX2lkIjoiV3ZYdjNlT1dhTXdSZkd4bDBOWU5RRjY4Wm1tVCIsImZpcmViYXNlIjp7ImlkZW50aXRpZXMiOnsiZW1haWwiOlsib3R0ZXIuY2hpY2tlbi40NzJAZXhhbXBsZS5jb20iXSwiZ29vZ2xlLmNvbSI6WyIxMzQ3NTg1MTkyMDMyNjg4MjQxNzIwOTU4MjExNDE5NTU5NDEyNjk1Il19LCJzaWduX2luX3Byb3ZpZGVyIjoiZ29vZ2xlLmNvbSJ9LCJpYXQiOjE2MTgyNjcxMjIsImV4cCI6MTYxODI3MDcyMiwiYXVkIjoiaGVzc2VkIiwiaXNzIjoiaHR0cHM6Ly9zZWN1cmV0b2tlbi5nb29nbGUuY29tL2hlc3NlZCIsInN1YiI6Ild2WHYzZU9XYU13UmZHeGwwTllOUUY2OFptbVQifQ.

Apr 13, 2021 7:39:44 AM io.gapi.emulators.netty.HttpVersionRoutingHandler channelRead
INFO: Detected non-HTTP/2 connection.
Apr 13, 2021 7:39:45 AM io.gapi.emulators.netty.HttpVersionRoutingHandler channelRead
INFO: Detected non-HTTP/2 connection.
Apr 13, 2021 7:39:45 AM io.gapi.emulators.netty.HttpVersionRoutingHandler channelRead
INFO: Detected non-HTTP/2 connection.
Apr 13, 2021 7:39:45 AM io.gapi.emulators.netty.HttpVersionRoutingHandler channelRead
INFO: Detected non-HTTP/2 connection.
Apr 13, 2021 7:39:45 AM io.gapi.emulators.netty.HttpVersionRoutingHandler channelRead
INFO: Detected non-HTTP/2 connection.
Apr 13, 2021 7:39:48 AM io.gapi.emulators.netty.HttpVersionRoutingHandler channelRead
INFO: Detected non-HTTP/2 connection.
Apr 13, 2021 7:39:48 AM com.google.net.webchannel.server.common.CorsFilter populateCustomHeaders
WARNING: Invalid $httpHeaders: X-Goog-Api-Client:gl-js/ fire/8.3.2
X-Firebase-GMPID:1:427061924743:web:efcb71917b03af383fb922
Content-Type:text/plain
Authorization:Bearer eyJhbGciOiJub25lIiwidHlwIjoiSldUIn0.eyJuYW1lIjoiT3R0ZXIgQ2hpY2tlbiIsImVtYWlsIjoib3R0ZXIuY2hpY2tlbi40NzJAZXhhbXBsZS5jb20iLCJlbWFpbF92ZXJpZmllZCI6dHJ1ZSwiYXV0aF90aW1lIjoxNjE4MjY3MTIyLCJ1c2VyX2lkIjoiV3ZYdjNlT1dhTXdSZkd4bDBOWU5RRjY4Wm1tVCIsImZpcmViYXNlIjp7ImlkZW50aXRpZXMiOnsiZW1haWwiOlsib3R0ZXIuY2hpY2tlbi40NzJAZXhhbXBsZS5jb20iXSwiZ29vZ2xlLmNvbSI6WyIxMzQ3NTg1MTkyMDMyNjg4MjQxNzIwOTU4MjExNDE5NTU5NDEyNjk1Il19LCJzaWduX2luX3Byb3ZpZGVyIjoiZ29vZ2xlLmNvbSJ9LCJpYXQiOjE2MTgyNjcxMjIsImV4cCI6MTYxODI3MDcyMiwiYXVkIjoiaGVzc2VkIiwiaXNzIjoiaHR0cHM6Ly9zZWN1cmV0b2tlbi5nb29nbGUuY29tL2hlc3NlZCIsInN1YiI6Ild2WHYzZU9XYU13UmZHeGwwTllOUUY2OFptbVQifQ.

Apr 13, 2021 7:39:48 AM io.gapi.emulators.netty.HttpVersionRoutingHandler channelRead
INFO: Detected non-HTTP/2 connection.
Apr 13, 2021 7:39:48 AM io.gapi.emulators.netty.HttpVersionRoutingHandler channelRead
INFO: Detected non-HTTP/2 connection.
Apr 13, 2021 7:39:56 AM io.gapi.emulators.netty.HttpVersionRoutingHandler channelRead
INFO: Detected non-HTTP/2 connection.
Apr 13, 2021 7:39:56 AM com.google.net.webchannel.server.common.CorsFilter populateCustomHeaders
WARNING: Invalid $httpHeaders: X-Goog-Api-Client:gl-js/ fire/8.3.2
X-Firebase-GMPID:1:427061924743:web:efcb71917b03af383fb922
Content-Type:text/plain
Authorization:Bearer eyJhbGciOiJub25lIiwidHlwIjoiSldUIn0.eyJuYW1lIjoiT3R0ZXIgQ2hpY2tlbiIsImVtYWlsIjoib3R0ZXIuY2hpY2tlbi40NzJAZXhhbXBsZS5jb20iLCJlbWFpbF92ZXJpZmllZCI6dHJ1ZSwiYXV0aF90aW1lIjoxNjE4MjY3MTIyLCJ1c2VyX2lkIjoiV3ZYdjNlT1dhTXdSZkd4bDBOWU5RRjY4Wm1tVCIsImZpcmViYXNlIjp7ImlkZW50aXRpZXMiOnsiZW1haWwiOlsib3R0ZXIuY2hpY2tlbi40NzJAZXhhbXBsZS5jb20iXSwiZ29vZ2xlLmNvbSI6WyIxMzQ3NTg1MTkyMDMyNjg4MjQxNzIwOTU4MjExNDE5NTU5NDEyNjk1Il19LCJzaWduX2luX3Byb3ZpZGVyIjoiZ29vZ2xlLmNvbSJ9LCJpYXQiOjE2MTgyNjcxMjIsImV4cCI6MTYxODI3MDcyMiwiYXVkIjoiaGVzc2VkIiwiaXNzIjoiaHR0cHM6Ly9zZWN1cmV0b2tlbi5nb29nbGUuY29tL2hlc3NlZCIsInN1YiI6Ild2WHYzZU9XYU13UmZHeGwwTllOUUY2OFptbVQifQ.

Apr 13, 2021 7:39:57 AM io.gapi.emulators.netty.HttpVersionRoutingHandler channelRead
INFO: Detected non-HTTP/2 connection.
Apr 13, 2021 7:39:57 AM io.gapi.emulators.netty.HttpVersionRoutingHandler channelRead
INFO: Detected non-HTTP/2 connection.
Apr 13, 2021 7:39:57 AM io.gapi.emulators.netty.HttpVersionRoutingHandler channelRead
INFO: Detected non-HTTP/2 connection.
Apr 13, 2021 7:39:57 AM io.gapi.emulators.netty.HttpVersionRoutingHandler channelRead
INFO: Detected non-HTTP/2 connection.
Apr 13, 2021 7:39:57 AM io.gapi.emulators.netty.HttpVersionRoutingHandler channelRead
INFO: Detected non-HTTP/2 connection.
Apr 13, 2021 7:40:13 AM io.gapi.emulators.netty.HttpVersionRoutingHandler channelRead
INFO: Detected non-HTTP/2 connection.
Apr 13, 2021 7:40:14 AM io.gapi.emulators.netty.HttpVersionRoutingHandler channelRead
INFO: Detected non-HTTP/2 connection.
Apr 13, 2021 7:40:14 AM io.gapi.emulators.netty.HttpVersionRoutingHandler channelRead
INFO: Detected non-HTTP/2 connection.
Apr 13, 2021 7:40:14 AM com.google.net.webchannel.server.common.CorsFilter populateCustomHeaders
WARNING: Invalid $httpHeaders: X-Goog-Api-Client:gl-js/ fire/8.3.2
X-Firebase-GMPID:1:427061924743:web:efcb71917b03af383fb922
Content-Type:text/plain
Authorization:Bearer eyJhbGciOiJub25lIiwidHlwIjoiSldUIn0.eyJuYW1lIjoiT3R0ZXIgQ2hpY2tlbiIsImVtYWlsIjoib3R0ZXIuY2hpY2tlbi40NzJAZXhhbXBsZS5jb20iLCJlbWFpbF92ZXJpZmllZCI6dHJ1ZSwiYXV0aF90aW1lIjoxNjE4MjY3MTIyLCJ1c2VyX2lkIjoiV3ZYdjNlT1dhTXdSZkd4bDBOWU5RRjY4Wm1tVCIsImZpcmViYXNlIjp7ImlkZW50aXRpZXMiOnsiZW1haWwiOlsib3R0ZXIuY2hpY2tlbi40NzJAZXhhbXBsZS5jb20iXSwiZ29vZ2xlLmNvbSI6WyIxMzQ3NTg1MTkyMDMyNjg4MjQxNzIwOTU4MjExNDE5NTU5NDEyNjk1Il19LCJzaWduX2luX3Byb3ZpZGVyIjoiZ29vZ2xlLmNvbSJ9LCJpYXQiOjE2MTgyNjcxMjIsImV4cCI6MTYxODI3MDcyMiwiYXVkIjoiaGVzc2VkIiwiaXNzIjoiaHR0cHM6Ly9zZWN1cmV0b2tlbi5nb29nbGUuY29tL2hlc3NlZCIsInN1YiI6Ild2WHYzZU9XYU13UmZHeGwwTllOUUY2OFptbVQifQ.

Apr 13, 2021 7:40:14 AM io.gapi.emulators.netty.HttpVersionRoutingHandler channelRead
INFO: Detected non-HTTP/2 connection.
Apr 13, 2021 7:40:15 AM io.gapi.emulators.netty.HttpVersionRoutingHandler channelRead
INFO: Detected non-HTTP/2 connection.
Apr 13, 2021 7:40:45 AM io.gapi.emulators.netty.HttpVersionRoutingHandler channelRead
INFO: Detected non-HTTP/2 connection.
Apr 13, 2021 7:41:09 AM io.gapi.emulators.netty.HttpVersionRoutingHandler channelRead
INFO: Detected non-HTTP/2 connection.
Apr 13, 2021 7:41:09 AM io.gapi.emulators.netty.HttpVersionRoutingHandler channelRead
INFO: Detected non-HTTP/2 connection.
Apr 13, 2021 7:41:09 AM io.gapi.emulators.netty.HttpVersionRoutingHandler channelRead
INFO: Detected non-HTTP/2 connection.
Apr 13, 2021 7:41:09 AM io.gapi.emulators.netty.HttpVersionRoutingHandler channelRead
INFO: Detected non-HTTP/2 connection.
Apr 13, 2021 7:41:09 AM io.gapi.emulators.netty.HttpVersionRoutingHandler channelRead
INFO: Detected non-HTTP/2 connection.
Apr 13, 2021 7:41:11 AM io.gapi.emulators.netty.HttpVersionRoutingHandler channelRead
INFO: Detected non-HTTP/2 connection.
Apr 13, 2021 7:41:18 AM io.gapi.emulators.netty.HttpVersionRoutingHandler channelRead
INFO: Detected non-HTTP/2 connection.
Apr 13, 2021 7:41:18 AM com.google.net.webchannel.server.common.CorsFilter populateCustomHeaders
WARNING: Invalid $httpHeaders: X-Goog-Api-Client:gl-js/ fire/8.3.2
X-Firebase-GMPID:1:427061924743:web:efcb71917b03af383fb922
Content-Type:text/plain
Authorization:Bearer eyJhbGciOiJub25lIiwidHlwIjoiSldUIn0.eyJuYW1lIjoiT3R0ZXIgQ2hpY2tlbiIsImVtYWlsIjoib3R0ZXIuY2hpY2tlbi40NzJAZXhhbXBsZS5jb20iLCJlbWFpbF92ZXJpZmllZCI6dHJ1ZSwiYXV0aF90aW1lIjoxNjE4MjY3MTIyLCJ1c2VyX2lkIjoiV3ZYdjNlT1dhTXdSZkd4bDBOWU5RRjY4Wm1tVCIsImZpcmViYXNlIjp7ImlkZW50aXRpZXMiOnsiZW1haWwiOlsib3R0ZXIuY2hpY2tlbi40NzJAZXhhbXBsZS5jb20iXSwiZ29vZ2xlLmNvbSI6WyIxMzQ3NTg1MTkyMDMyNjg4MjQxNzIwOTU4MjExNDE5NTU5NDEyNjk1Il19LCJzaWduX2luX3Byb3ZpZGVyIjoiZ29vZ2xlLmNvbSJ9LCJpYXQiOjE2MTgyNjcxMjIsImV4cCI6MTYxODI3MDcyMiwiYXVkIjoiaGVzc2VkIiwiaXNzIjoiaHR0cHM6Ly9zZWN1cmV0b2tlbi5nb29nbGUuY29tL2hlc3NlZCIsInN1YiI6Ild2WHYzZU9XYU13UmZHeGwwTllOUUY2OFptbVQifQ.

Apr 13, 2021 7:41:18 AM io.gapi.emulators.netty.HttpVersionRoutingHandler channelRead
INFO: Detected non-HTTP/2 connection.
Apr 13, 2021 7:41:18 AM io.gapi.emulators.netty.HttpVersionRoutingHandler channelRead
INFO: Detected non-HTTP/2 connection.
Apr 13, 2021 7:41:19 AM io.gapi.emulators.netty.HttpVersionRoutingHandler channelRead
INFO: Detected non-HTTP/2 connection.
Apr 13, 2021 7:41:19 AM com.google.net.webchannel.server.common.CorsFilter populateCustomHeaders
WARNING: Invalid $httpHeaders: X-Goog-Api-Client:gl-js/ fire/8.3.2
X-Firebase-GMPID:1:427061924743:web:efcb71917b03af383fb922
Content-Type:text/plain
Authorization:Bearer eyJhbGciOiJub25lIiwidHlwIjoiSldUIn0.eyJuYW1lIjoiT3R0ZXIgQ2hpY2tlbiIsImVtYWlsIjoib3R0ZXIuY2hpY2tlbi40NzJAZXhhbXBsZS5jb20iLCJlbWFpbF92ZXJpZmllZCI6dHJ1ZSwiYXV0aF90aW1lIjoxNjE4MjY3MTIyLCJ1c2VyX2lkIjoiV3ZYdjNlT1dhTXdSZkd4bDBOWU5RRjY4Wm1tVCIsImZpcmViYXNlIjp7ImlkZW50aXRpZXMiOnsiZW1haWwiOlsib3R0ZXIuY2hpY2tlbi40NzJAZXhhbXBsZS5jb20iXSwiZ29vZ2xlLmNvbSI6WyIxMzQ3NTg1MTkyMDMyNjg4MjQxNzIwOTU4MjExNDE5NTU5NDEyNjk1Il19LCJzaWduX2luX3Byb3ZpZGVyIjoiZ29vZ2xlLmNvbSJ9LCJpYXQiOjE2MTgyNjcxMjIsImV4cCI6MTYxODI3MDcyMiwiYXVkIjoiaGVzc2VkIiwiaXNzIjoiaHR0cHM6Ly9zZWN1cmV0b2tlbi5nb29nbGUuY29tL2hlc3NlZCIsInN1YiI6Ild2WHYzZU9XYU13UmZHeGwwTllOUUY2OFptbVQifQ.

Apr 13, 2021 7:41:19 AM io.gapi.emulators.netty.HttpVersionRoutingHandler channelRead
INFO: Detected non-HTTP/2 connection.
Apr 13, 2021 7:41:19 AM io.gapi.emulators.netty.HttpVersionRoutingHandler channelRead
INFO: Detected non-HTTP/2 connection.
Apr 13, 2021 7:41:19 AM io.gapi.emulators.netty.HttpVersionRoutingHandler channelRead
INFO: Detected non-HTTP/2 connection.
Apr 13, 2021 7:41:19 AM io.gapi.emulators.netty.HttpVersionRoutingHandler channelRead
INFO: Detected non-HTTP/2 connection.
Apr 13, 2021 7:41:19 AM io.gapi.emulators.netty.HttpVersionRoutingHandler channelRead
INFO: Detected non-HTTP/2 connection.
Apr 13, 2021 7:41:40 AM io.gapi.emulators.netty.HttpVersionRoutingHandler channelRead
INFO: Detected non-HTTP/2 connection.
Apr 13, 2021 7:41:46 AM io.gapi.emulators.netty.HttpVersionRoutingHandler channelRead
INFO: Detected non-HTTP/2 connection.
Apr 13, 2021 7:41:47 AM io.gapi.emulators.netty.HttpVersionRoutingHandler channelRead
INFO: Detected non-HTTP/2 connection.
Apr 13, 2021 7:41:53 AM io.gapi.emulators.netty.HttpVersionRoutingHandler channelRead
INFO: Detected non-HTTP/2 connection.
Apr 13, 2021 7:41:55 AM io.gapi.emulators.netty.HttpVersionRoutingHandler channelRead
INFO: Detected non-HTTP/2 connection.
Apr 13, 2021 7:41:56 AM io.gapi.emulators.netty.HttpVersionRoutingHandler channelRead
INFO: Detected non-HTTP/2 connection.
Apr 13, 2021 7:42:13 AM io.gapi.emulators.netty.HttpVersionRoutingHandler channelRead
INFO: Detected non-HTTP/2 connection.
Apr 13, 2021 7:42:13 AM io.gapi.emulators.netty.HttpVersionRoutingHandler channelRead
INFO: Detected non-HTTP/2 connection.
Apr 13, 2021 7:42:14 AM io.gapi.emulators.netty.HttpVersionRoutingHandler channelRead
INFO: Detected non-HTTP/2 connection.
Apr 13, 2021 7:42:14 AM io.gapi.emulators.netty.HttpVersionRoutingHandler channelRead
INFO: Detected non-HTTP/2 connection.
Apr 13, 2021 7:42:26 AM io.gapi.emulators.netty.HttpVersionRoutingHandler channelRead
INFO: Detected non-HTTP/2 connection.
Apr 13, 2021 7:42:35 AM io.gapi.emulators.netty.HttpVersionRoutingHandler channelRead
INFO: Detected non-HTTP/2 connection.
Apr 13, 2021 7:42:36 AM io.gapi.emulators.netty.HttpVersionRoutingHandler channelRead
INFO: Detected non-HTTP/2 connection.
Apr 13, 2021 7:42:57 AM io.gapi.emulators.netty.HttpVersionRoutingHandler channelRead
INFO: Detected non-HTTP/2 connection.
Apr 13, 2021 7:42:57 AM com.google.cloud.datastore.emulator.firestore.webchannel.FirestoreV1WebChannelAdapter$FirestoreWriteHandler onClose
INFO: channel closed
Apr 13, 2021 7:43:09 AM io.gapi.emulators.netty.HttpVersionRoutingHandler channelRead
INFO: Detected non-HTTP/2 connection.
Apr 13, 2021 7:43:29 AM io.gapi.emulators.netty.HttpVersionRoutingHandler channelRead
INFO: Detected non-HTTP/2 connection.
Apr 13, 2021 7:43:35 AM io.gapi.emulators.netty.HttpVersionRoutingHandler channelRead
INFO: Detected non-HTTP/2 connection.
Apr 13, 2021 7:44:30 AM io.gapi.emulators.netty.HttpVersionRoutingHandler channelRead
INFO: Detected non-HTTP/2 connection.
Apr 13, 2021 7:44:35 AM io.gapi.emulators.netty.HttpVersionRoutingHandler channelRead
INFO: Detected non-HTTP/2 connection.
Apr 13, 2021 7:45:21 AM io.gapi.emulators.netty.HttpVersionRoutingHandler channelRead
INFO: Detected non-HTTP/2 connection.
Apr 13, 2021 7:45:30 AM io.gapi.emulators.netty.HttpVersionRoutingHandler channelRead
INFO: Detected non-HTTP/2 connection.
Apr 13, 2021 7:46:21 AM io.gapi.emulators.netty.HttpVersionRoutingHandler channelRead
INFO: Detected non-HTTP/2 connection.
Apr 13, 2021 7:46:30 AM io.gapi.emulators.netty.HttpVersionRoutingHandler channelRead
INFO: Detected non-HTTP/2 connection.
Apr 13, 2021 7:46:57 AM io.gapi.emulators.netty.HttpVersionRoutingHandler channelRead
INFO: Detected non-HTTP/2 connection.
Apr 13, 2021 7:46:57 AM io.gapi.emulators.netty.HttpVersionRoutingHandler channelRead
INFO: Detected non-HTTP/2 connection.
Apr 13, 2021 7:46:57 AM com.google.net.webchannel.server.common.CorsFilter populateCustomHeaders
WARNING: Invalid $httpHeaders: X-Goog-Api-Client:gl-js/ fire/8.3.2
X-Firebase-GMPID:1:427061924743:web:efcb71917b03af383fb922
Content-Type:text/plain
Authorization:Bearer eyJhbGciOiJub25lIiwidHlwIjoiSldUIn0.eyJuYW1lIjoiT3R0ZXIgQ2hpY2tlbiIsImVtYWlsIjoib3R0ZXIuY2hpY2tlbi40NzJAZXhhbXBsZS5jb20iLCJlbWFpbF92ZXJpZmllZCI6dHJ1ZSwiYXV0aF90aW1lIjoxNjE4MjY3MTIyLCJ1c2VyX2lkIjoiV3ZYdjNlT1dhTXdSZkd4bDBOWU5RRjY4Wm1tVCIsImZpcmViYXNlIjp7ImlkZW50aXRpZXMiOnsiZW1haWwiOlsib3R0ZXIuY2hpY2tlbi40NzJAZXhhbXBsZS5jb20iXSwiZ29vZ2xlLmNvbSI6WyIxMzQ3NTg1MTkyMDMyNjg4MjQxNzIwOTU4MjExNDE5NTU5NDEyNjk1Il19LCJzaWduX2luX3Byb3ZpZGVyIjoiZ29vZ2xlLmNvbSJ9LCJpYXQiOjE2MTgyNjcxMjIsImV4cCI6MTYxODI3MDcyMiwiYXVkIjoiaGVzc2VkIiwiaXNzIjoiaHR0cHM6Ly9zZWN1cmV0b2tlbi5nb29nbGUuY29tL2hlc3NlZCIsInN1YiI6Ild2WHYzZU9XYU13UmZHeGwwTllOUUY2OFptbVQifQ.

Apr 13, 2021 7:46:57 AM io.gapi.emulators.netty.HttpVersionRoutingHandler channelRead
INFO: Detected non-HTTP/2 connection.
Apr 13, 2021 7:46:57 AM io.gapi.emulators.netty.HttpVersionRoutingHandler channelRead
INFO: Detected non-HTTP/2 connection.
Apr 13, 2021 7:46:57 AM io.gapi.emulators.netty.HttpVersionRoutingHandler channelRead
INFO: Detected non-HTTP/2 connection.
Apr 13, 2021 7:46:58 AM io.gapi.emulators.netty.HttpVersionRoutingHandler channelRead
INFO: Detected non-HTTP/2 connection.
